2026-03-06 09:20:49 | DEBUG | Looking for locale `en_US` in provider `faker.providers.address`. | faker.factory
2026-03-06 09:20:49 | DEBUG | Provider `faker.providers.address` has been localized to `en_US`. | faker.factory
2026-03-06 09:20:49 | DEBUG | Looking for locale `en_US` in provider `faker.providers.automotive`. | faker.factory
2026-03-06 09:20:49 | DEBUG | Provider `faker.providers.automotive` has been localized to `en_US`. | faker.factory
2026-03-06 09:20:49 | DEBUG | Looking for locale `en_US` in provider `faker.providers.bank`. | faker.factory
2026-03-06 09:20:49 | DEBUG | Specified locale `en_US` is not available for provider `faker.providers.bank`. Locale reset to `en_GB` for this provider. | faker.factory
2026-03-06 09:20:49 | DEBUG | Looking for locale `en_US` in provider `faker.providers.barcode`. | faker.factory
2026-03-06 09:20:49 | DEBUG | Provider `faker.providers.barcode` has been localized to `en_US`. | faker.factory
2026-03-06 09:20:49 | DEBUG | Looking for locale `en_US` in provider `faker.providers.color`. | faker.factory
2026-03-06 09:20:49 | DEBUG | Provider `faker.providers.color` has been localized to `en_US`. | faker.factory
2026-03-06 09:20:49 | DEBUG | Looking for locale `en_US` in provider `faker.providers.company`. | faker.factory
2026-03-06 09:20:49 | DEBUG | Provider `faker.providers.company` has been localized to `en_US`. | faker.factory
2026-03-06 09:20:49 | DEBUG | Looking for locale `en_US` in provider `faker.providers.credit_card`. | faker.factory
2026-03-06 09:20:49 | DEBUG | Provider `faker.providers.credit_card` has been localized to `en_US`. | faker.factory
2026-03-06 09:20:49 | DEBUG | Looking for locale `en_US` in provider `faker.providers.currency`. | faker.factory
2026-03-06 09:20:49 | DEBUG | Provider `faker.providers.currency` has been localized to `en_US`. | faker.factory
2026-03-06 09:20:49 | DEBUG | Looking for locale `en_US` in provider `faker.providers.date_time`. | faker.factory
2026-03-06 09:20:49 | DEBUG | Provider `faker.providers.date_time` has been localized to `en_US`. | faker.factory
2026-03-06 09:20:49 | DEBUG | Provider `faker.providers.doi` does not feature localization. Specified locale `en_US` is not used for this provider. | faker.factory
2026-03-06 09:20:49 | DEBUG | Provider `faker.providers.emoji` does not feature localization. Specified locale `en_US` is not used for this provider. | faker.factory
2026-03-06 09:20:49 | DEBUG | Provider `faker.providers.file` does not feature localization. Specified locale `en_US` is not used for this provider. | faker.factory
2026-03-06 09:20:49 | DEBUG | Looking for locale `en_US` in provider `faker.providers.geo`. | faker.factory
2026-03-06 09:20:49 | DEBUG | Provider `faker.providers.geo` has been localized to `en_US`. | faker.factory
2026-03-06 09:20:49 | DEBUG | Looking for locale `en_US` in provider `faker.providers.internet`. | faker.factory
2026-03-06 09:20:49 | DEBUG | Provider `faker.providers.internet` has been localized to `en_US`. | faker.factory
2026-03-06 09:20:49 | DEBUG | Looking for locale `en_US` in provider `faker.providers.isbn`. | faker.factory
2026-03-06 09:20:49 | DEBUG | Provider `faker.providers.isbn` has been localized to `en_US`. | faker.factory
2026-03-06 09:20:49 | DEBUG | Looking for locale `en_US` in provider `faker.providers.job`. | faker.factory
2026-03-06 09:20:49 | DEBUG | Provider `faker.providers.job` has been localized to `en_US`. | faker.factory
2026-03-06 09:20:49 | DEBUG | Looking for locale `en_US` in provider `faker.providers.lorem`. | faker.factory
2026-03-06 09:20:49 | DEBUG | Provider `faker.providers.lorem` has been localized to `en_US`. | faker.factory
2026-03-06 09:20:49 | DEBUG | Looking for locale `en_US` in provider `faker.providers.misc`. | faker.factory
2026-03-06 09:20:49 | DEBUG | Provider `faker.providers.misc` has been localized to `en_US`. | faker.factory
2026-03-06 09:20:49 | DEBUG | Looking for locale `en_US` in provider `faker.providers.passport`. | faker.factory
2026-03-06 09:20:49 | DEBUG | Provider `faker.providers.passport` has been localized to `en_US`. | faker.factory
2026-03-06 09:20:49 | DEBUG | Looking for locale `en_US` in provider `faker.providers.person`. | faker.factory
2026-03-06 09:20:49 | DEBUG | Provider `faker.providers.person` has been localized to `en_US`. | faker.factory
2026-03-06 09:20:49 | DEBUG | Looking for locale `en_US` in provider `faker.providers.phone_number`. | faker.factory
2026-03-06 09:20:49 | DEBUG | Provider `faker.providers.phone_number` has been localized to `en_US`. | faker.factory
2026-03-06 09:20:49 | DEBUG | Provider `faker.providers.profile` does not feature localization. Specified locale `en_US` is not used for this provider. | faker.factory
2026-03-06 09:20:49 | DEBUG | Provider `faker.providers.python` does not feature localization. Specified locale `en_US` is not used for this provider. | faker.factory
2026-03-06 09:20:49 | DEBUG | Provider `faker.providers.sbn` does not feature localization. Specified locale `en_US` is not used for this provider. | faker.factory
2026-03-06 09:20:49 | DEBUG | Looking for locale `en_US` in provider `faker.providers.ssn`. | faker.factory
2026-03-06 09:20:49 | DEBUG | Provider `faker.providers.ssn` has been localized to `en_US`. | faker.factory
2026-03-06 09:20:49 | DEBUG | Provider `faker.providers.user_agent` does not feature localization. Specified locale `en_US` is not used for this provider. | faker.factory
2026-03-06 09:20:49 | INFO | === START test_get_all_users_returns_list_of_valid_users === | pytest
2026-03-06 09:20:49 | INFO | GET https://jsonplaceholder.typicode.com/users | UsersClient
2026-03-06 09:20:49 | DEBUG | Starting new HTTPS connection (1): jsonplaceholder.typicode.com:443 | urllib3.connectionpool
2026-03-06 09:20:50 | DEBUG | https://jsonplaceholder.typicode.com:443 "GET /users HTTP/1.1" 200 1847 | urllib3.connectionpool
2026-03-06 09:20:50 | DEBUG | Request headers: {'User-Agent': 'python-requests/2.32.5', 'Accept-Encoding': 'gzip, deflate', 'Accept': '*/*', 'Connection': 'keep-alive', 'X-Framework': 'MiniAPI3-Users'} | UsersClient
2026-03-06 09:20:50 | INFO | Status code: 200 | UsersClient
2026-03-06 09:20:50 | INFO | GET https://jsonplaceholder.typicode.com/users took 0.522s | http-request.timing
2026-03-06 09:20:50 | INFO | === END test_get_all_users_returns_list_of_valid_users === | pytest
2026-03-06 09:20:50 | INFO | ================================================================================ | pytest
